0 info it worked if it ends with ok
1 verbose cli [ '/usr/bin/node',
1 verbose cli   '/usr/bin/npm',
1 verbose cli   'install',
1 verbose cli   '--save',
1 verbose cli   'styled-components' ]
2 info using npm@3.5.2
3 info using node@v8.10.0
4 silly loadCurrentTree Starting
5 silly install loadCurrentTree
6 silly install readLocalPackageData
7 silly fetchPackageMetaData styled-components
8 silly fetchNamedPackageData styled-components
9 silly mapToRegistry name styled-components
10 silly mapToRegistry using default registry
11 silly mapToRegistry registry https://registry.npmjs.org/
12 silly mapToRegistry uri https://registry.npmjs.org/styled-components
13 verbose request uri https://registry.npmjs.org/styled-components
14 verbose request no auth needed
15 info attempt registry request try #1 at 16:56:20
16 verbose request id 344264457ace285c
17 http request GET https://registry.npmjs.org/styled-components
18 info retry will retry, error on last attempt: Error: connect ETIMEDOUT 104.16.16.35:443
19 info attempt registry request try #2 at 16:58:42
20 http request GET https://registry.npmjs.org/styled-components
21 info retry will retry, error on last attempt: Error: connect ETIMEDOUT 104.16.23.35:443
22 info attempt registry request try #3 at 17:01:51
23 http request GET https://registry.npmjs.org/styled-components
24 silly fetchPackageMetaData Error: connect ETIMEDOUT 104.16.26.35:443
24 silly fetchPackageMetaData     at Object._errnoException (util.js:1022:11)
24 silly fetchPackageMetaData     at _exceptionWithHostPort (util.js:1044:20)
24 silly fetchPackageMetaData     at TCPConnectWrap.afterConnect [as oncomplete] (net.js:1198:14)
24 silly fetchPackageMetaData  error for styled-components { Error: connect ETIMEDOUT 104.16.26.35:443
24 silly fetchPackageMetaData     at Object._errnoException (util.js:1022:11)
24 silly fetchPackageMetaData     at _exceptionWithHostPort (util.js:1044:20)
24 silly fetchPackageMetaData     at TCPConnectWrap.afterConnect [as oncomplete] (net.js:1198:14)
24 silly fetchPackageMetaData   code: 'ETIMEDOUT',
24 silly fetchPackageMetaData   errno: 'ETIMEDOUT',
24 silly fetchPackageMetaData   syscall: 'connect',
24 silly fetchPackageMetaData   address: '104.16.26.35',
24 silly fetchPackageMetaData   port: 443 }
25 silly rollbackFailedOptional Starting
26 silly rollbackFailedOptional Finishing
27 silly runTopLevelLifecycles Starting
28 silly runTopLevelLifecycles Finishing
29 silly install printInstalled
30 verbose stack Error: connect ETIMEDOUT 104.16.26.35:443
30 verbose stack     at Object._errnoException (util.js:1022:11)
30 verbose stack     at _exceptionWithHostPort (util.js:1044:20)
30 verbose stack     at TCPConnectWrap.afterConnect [as oncomplete] (net.js:1198:14)
31 verbose cwd /home/psg/workspace/WebD/chess/src
32 error Linux 5.0.0-32-generic
33 error argv "/usr/bin/node" "/usr/bin/npm" "install" "--save" "styled-components"
34 error node v8.10.0
35 error npm  v3.5.2
36 error code ETIMEDOUT
37 error errno ETIMEDOUT
38 error syscall connect
39 error network connect ETIMEDOUT 104.16.26.35:443
40 error network This is most likely not a problem with npm itself
40 error network and is related to network connectivity.
40 error network In most cases you are behind a proxy or have bad network settings.
40 error network
40 error network If you are behind a proxy, please make sure that the
40 error network 'proxy' config is set properly.  See: 'npm help config'
41 verbose exit [ 1, true ]
